<?xml version="1.0" encoding="UTF-8"?>
<!-- Generated by org.testng.reporters.JUnitXMLReporter -->
<testsuite ignored="4" hostname="LTIN260114" failures="0" tests="14" name="Test" time="752.431" errors="0" timestamp="2024-02-16T14:44:51 IST">
  <testcase classname="testCases.TC_001_CourseraPage" name="check_survey_visibility" time="2.806"/>
  <testcase classname="testCases.TC_001_CourseraPage" name="Verify_CourseraPage" time="0.113"/>
  <testcase classname="testCases.TC_002_Courses" name="verify_SearchIcon" time="0.32"/>
  <testcase classname="testCases.TC_002_Courses" name="search_courses" time="14.045"/>
  <testcase classname="testCases.TC_002_Courses" name="select_levels" time="2.272"/>
  <testcase classname="testCases.TC_002_Courses" name="select_langs" time="2.878"/>
  <testcase classname="testCases.TC_002_Courses" name="scrollUp" time="0.04"/>
  <testcase classname="testCases.TC_003_WebDevelopmentCourses" name="course_name" time="0.162"/>
  <testcase classname="testCases.TC_003_WebDevelopmentCourses" name="FirstTwoCourses" time="2.858"/>
  <testcase classname="testCases.TC_004_LanguageLearning" name="search_Language" time="4.275"/>
  <testcase classname="testCases.TC_004_LanguageLearning" name="show_FiveCourses" time="385.637"/>
  <testcase classname="testCases.TC_005_FormDetails" name="navigateToEnterprisePage" time="8.913"/>
  <testcase classname="testCases.TC_005_FormDetails" name="navigateToForm" time="155.403"/>
  <testcase classname="testCases.TC_005_FormDetails" name="FillFormDetails" time="16.539"/>
  <testcase classname="testBase.BaseClass" name="@BeforeTest setup" time="0.0">
    <ignored/>
  </testcase> <!-- @BeforeTest setup -->
  <testcase classname="testBase.BaseClass" name="@BeforeTest setup" time="0.0">
    <ignored/>
  </testcase> <!-- @BeforeTest setup -->
  <testcase classname="testBase.BaseClass" name="@BeforeTest setup" time="0.0">
    <ignored/>
  </testcase> <!-- @BeforeTest setup -->
  <testcase classname="testBase.BaseClass" name="@BeforeTest setup" time="0.0">
    <ignored/>
  </testcase> <!-- @BeforeTest setup -->
</testsuite> <!-- Test -->
